빌드 시작: 2020-01-31 오후 5:48:23
     1>2 노드의 "C:\Users\101\Documents\Visual Studio 2010\Projects\20200131_HSH_ImageProcessing\20200131_HSH_ImageProcessing\20200131_HSH_ImageProcessing.vcxproj" 프로젝트(build 대상)입니다.
     1>InitializeBuildStatus:
         "Debug\20200131_HSH_ImageProcessing.unsuccessfulbuild"에 연결(touching)하고 있습니다.
       ClCompile:
         모든 출력이 최신 상태입니다.
         모든 출력이 최신 상태입니다.
       ResourceCompile:
         모든 출력이 최신 상태입니다.
       ManifestResourceCompile:
         모든 출력이 최신 상태입니다.
       Link:
         C:\Program Files (x86)\Microsoft Visual Studio 10.0\VC\bin\link.exe /ERRORREPORT:PROMPT /OUT:"C:\Users\101\Documents\Visual Studio 2010\Projects\20200131_HSH_ImageProcessing\Debug\20200131_HSH_ImageProcessing.exe" /INCREMENTAL /NOLOGO /MANIFEST /ManifestFile:"Debug\20200131_HSH_ImageProcessing.exe.intermediate.manifest" /MANIFESTUAC:"level='asInvoker' uiAccess='false'" /DEBUG /PDB:"C:\Users\101\Documents\Visual Studio 2010\Projects\20200131_HSH_ImageProcessing\Debug\20200131_HSH_ImageProcessing.pdb" /SUBSYSTEM:WINDOWS /TLBID:1 /ENTRY:"wWinMainCRTStartup" /DYNAMICBASE /NXCOMPAT /IMPLIB:"C:\Users\101\Documents\Visual Studio 2010\Projects\20200131_HSH_ImageProcessing\Debug\20200131_HSH_ImageProcessing.lib" /MACHINE:X86 Debug\20200131_HSH_ImageProcessing.res
         Debug\20200131_HSH_ImageProcessing.exe.embed.manifest.res
         Debug\20200131_HSH_ImageProcessing.obj
         Debug\20200131_HSH_ImageProcessingDoc.obj
         Debug\20200131_HSH_ImageProcessingView.obj
         Debug\ChildFrm.obj
         Debug\ClassView.obj
         Debug\FileView.obj
         Debug\MainFrm.obj
         Debug\OutputWnd.obj
         Debug\PropertiesWnd.obj
         Debug\stdafx.obj
         Debug\ViewTree.obj
       Manifest:
         C:\Program Files (x86)\Microsoft SDKs\Windows\v7.0A\bin\mt.exe /nologo /verbose /out:"Debug\20200131_HSH_ImageProcessing.exe.embed.manifest" /manifest Debug\20200131_HSH_ImageProcessing.exe.intermediate.manifest "C:\Program Files (x86)\Microsoft Visual Studio 10.0\VC\Include\Manifest\dpiaware.manifest"
         모든 출력이 최신 상태입니다.
       LinkEmbedManifest:
         모든 출력이 최신 상태입니다.
         20200131_HSH_ImageProcessing.vcxproj -> C:\Users\101\Documents\Visual Studio 2010\Projects\20200131_HSH_ImageProcessing\Debug\20200131_HSH_ImageProcessing.exe
       FinalizeBuildStatus:
         "Debug\20200131_HSH_ImageProcessing.unsuccessfulbuild" 파일을 삭제하고 있습니다.
         "Debug\20200131_HSH_ImageProcessing.lastbuildstate"에 연결(touching)하고 있습니다.
     1>"C:\Users\101\Documents\Visual Studio 2010\Projects\20200131_HSH_ImageProcessing\20200131_HSH_ImageProcessing\20200131_HSH_ImageProcessing.vcxproj" 프로젝트를 빌드했습니다(build 대상).

빌드했습니다.

경과 시간: 00:00:00.30
