빌드 시작: 2020-02-03 오후 5:16:05
     1>2 노드의 "C:\Users\101\documents\visual studio 2010\Projects\20200203_HSH_ImageProcessing\20200203_HSH_ImageProcessing\20200203_HSH_ImageProcessing.vcxproj" 프로젝트(build 대상)입니다.
     1>InitializeBuildStatus:
         "AlwaysCreate"이(가) 지정되었기 때문에 "Debug\20200203_HSH_ImageProcessing.unsuccessfulbuild"을(를) 만들고 있습니다.
       ClCompile:
         모든 출력이 최신 상태입니다.
         C:\Program Files (x86)\Microsoft Visual Studio 10.0\VC\bin\CL.exe /c /ZI /nologo /W3 /WX- /Od /Oy- /D WIN32 /D _WINDOWS /D _DEBUG /D _MBCS /D _AFXDLL /Gm /EHsc /RTC1 /MDd /GS /fp:precise /Zc:wchar_t /Zc:forScope /Yu"StdAfx.h" /Fp"Debug\20200203_HSH_ImageProcessing.pch" /Fo"Debug\\" /Fd"Debug\vc100.pdb" /Gd /TP /analyze- /errorReport:prompt 20200203_HSH_ImageProcessingDoc.cpp UpSampledlg.cpp
         20200203_HSH_ImageProcessingDoc.cpp
         코드를 생성하고 있습니다...
         건너뛰고 있습니다... (관련된 변경 내용 없음)
         UpSampledlg.cpp
       ResourceCompile:
         모든 출력이 최신 상태입니다.
       ManifestResourceCompile:
         모든 출력이 최신 상태입니다.
       Link:
         C:\Program Files (x86)\Microsoft Visual Studio 10.0\VC\bin\link.exe /ERRORREPORT:PROMPT /OUT:"C:\Users\101\documents\visual studio 2010\Projects\20200203_HSH_ImageProcessing\Debug\20200203_HSH_ImageProcessing.exe" /INCREMENTAL /NOLOGO /MANIFEST /ManifestFile:"Debug\20200203_HSH_ImageProcessing.exe.intermediate.manifest" /MANIFESTUAC:"level='asInvoker' uiAccess='false'" /DEBUG /PDB:"C:\Users\101\documents\visual studio 2010\Projects\20200203_HSH_ImageProcessing\Debug\20200203_HSH_ImageProcessing.pdb" /SUBSYSTEM:WINDOWS /TLBID:1 /DYNAMICBASE /NXCOMPAT /IMPLIB:"C:\Users\101\documents\visual studio 2010\Projects\20200203_HSH_ImageProcessing\Debug\20200203_HSH_ImageProcessing.lib" /MACHINE:X86 Debug\20200203_HSH_ImageProcessing.res
         Debug\20200203_HSH_ImageProcessing.exe.embed.manifest.res
         Debug\20200203_HSH_ImageProcessing.obj
         Debug\20200203_HSH_ImageProcessingDoc.obj
         Debug\20200203_HSH_ImageProcessingView.obj
         Debug\ChildFrm.obj
         Debug\ClassView.obj
         Debug\DownSampleDlg.obj
         Debug\FileView.obj
         Debug\MainFrm.obj
         Debug\OutputWnd.obj
         Debug\PropertiesWnd.obj
         Debug\stdafx.obj
         Debug\UpSampledlg.obj
         Debug\ViewTree.obj
       Manifest:
         C:\Program Files (x86)\Microsoft SDKs\Windows\v7.0A\bin\mt.exe /nologo /verbose /out:"Debug\20200203_HSH_ImageProcessing.exe.embed.manifest" /manifest Debug\20200203_HSH_ImageProcessing.exe.intermediate.manifest "C:\Program Files (x86)\Microsoft Visual Studio 10.0\VC\Include\Manifest\dpiaware.manifest"
         모든 출력이 최신 상태입니다.
       LinkEmbedManifest:
         모든 출력이 최신 상태입니다.
         20200203_HSH_ImageProcessing.vcxproj -> C:\Users\101\documents\visual studio 2010\Projects\20200203_HSH_ImageProcessing\Debug\20200203_HSH_ImageProcessing.exe
       FinalizeBuildStatus:
         "Debug\20200203_HSH_ImageProcessing.unsuccessfulbuild" 파일을 삭제하고 있습니다.
         "Debug\20200203_HSH_ImageProcessing.lastbuildstate"에 연결(touching)하고 있습니다.
     1>"C:\Users\101\documents\visual studio 2010\Projects\20200203_HSH_ImageProcessing\20200203_HSH_ImageProcessing\20200203_HSH_ImageProcessing.vcxproj" 프로젝트를 빌드했습니다(build 대상).

빌드했습니다.

경과 시간: 00:00:00.42
